<?xml version="1.0" encoding="UTF-8" ?>
<testsuite errors="0" failures="0" hostname="compucter" name="HitCheckerTest" skipped="0" tests="21" time="0.051" timestamp="2021-05-31T20:37:45">
  <properties>
    <property name="file.encoding.pkg" value="sun.io" />
    <property name="ivy.retrieve.pattern.ivy.instance" value="C:\Users\Merlin\IdeaProjects\web3/lib/[artifact]-[revision](-[classifier]).[ext]" />
    <property name="java.vendor.url.ivy.instance" value="http://java.oracle.com/" />
    <property name="ivy.local.default.ivy.pattern.ivy.instance" value="[organisation]/[module]/[revision]/[type]s/[artifact].[ext]" />
    <property name="ivy.project.dir.ivy.instance" value="C:\Users\Merlin\IdeaProjects\web3" />
    <property name="ivy.resolve.default.type.filter" value="*" />
    <property name="java.home" value="C:\Program Files\Java\jdk1.8.0_251\jre" />
    <property name="ivy.configurations.ivy.instance" value="*" />
    <property name="ivy.basedir.ivy.instance" value="C:\Users\Merlin\IdeaProjects\web3" />
    <property name="ivy.dep.file.ivy.instance" value="ivy.xml" />
    <property name="java.endorsed.dirs" value="C:\Program Files\Java\jdk1.8.0_251\jre\lib\endorsed" />
    <property name="java.class.path.ivy.instance" value="C:\Program Files\Ant\lib\ant-launcher.jar;C:\Program Files\Ant\lib\ant-antlr.jar;C:\Program Files\Ant\lib\ant-apache-bcel.jar;C:\Program Files\Ant\lib\ant-apache-bsf.jar;C:\Program Files\Ant\lib\ant-apache-log4j.jar;C:\Program Files\Ant\lib\ant-apache-oro.jar;C:\Program Files\Ant\lib\ant-apache-regexp.jar;C:\Program Files\Ant\lib\ant-apache-resolver.jar;C:\Program Files\Ant\lib\ant-apache-xalan2.jar;C:\Program Files\Ant\lib\ant-commons-logging.jar;C:\Program Files\Ant\lib\ant-commons-net.jar;C:\Program Files\Ant\lib\ant-imageio.jar;C:\Program Files\Ant\lib\ant-jai.jar;C:\Program Files\Ant\lib\ant-javamail.jar;C:\Program Files\Ant\lib\ant-jdepend.jar;C:\Program Files\Ant\lib\ant-jmf.jar;C:\Program Files\Ant\lib\ant-jsch.jar;C:\Program Files\Ant\lib\ant-junit-1.10.10.jar;C:\Program Files\Ant\lib\ant-junit.jar;C:\Program Files\Ant\lib\ant-junit4.jar;C:\Program Files\Ant\lib\ant-junitlauncher.jar;C:\Program Files\Ant\lib\ant-launcher.jar;C:\Program Files\Ant\lib\ant-netrexx.jar;C:\Program Files\Ant\lib\ant-swing.jar;C:\Program Files\Ant\lib\ant-testutil.jar;C:\Program Files\Ant\lib\ant-xz.jar;C:\Program Files\Ant\lib\ant.jar;C:\Program Files\Ant\lib\hamcrest-all-1.3.jar;C:\Program Files\Ant\lib\ivy-2.5.0.jar;C:\Program Files\Ant\lib\junit-4.13.2.jar;C:\Program Files\Java\jdk1.8.0_251\lib\tools.jar" />
    <property name="ivy.home" value="C:\Users\Merlin\.ivy2" />
    <property name="src.dir" value="src/main/java" />
    <property name="java.vm.specification.vendor.ivy.instance" value="Oracle Corporation" />
    <property name="sun.os.patch.level" value="" />
    <property name="ivy.dep.file" value="ivy.xml" />
    <property name="java.vendor.url" value="http://java.oracle.com/" />
    <property name="ivy.local.default.artifact.pattern.ivy.instance" value="[organisation]/[module]/[revision]/[type]s/[artifact].[ext]" />
    <property name="ivy.lib.dir.ivy.instance" value="C:\Users\Merlin\IdeaProjects\web3/lib" />
    <property name="java.version" value="1.8.0_251" />
    <property name="sun.stdout.encoding" value="cp866" />
    <property name="ivy.conf.dir.ivy.instance" value="jar:file:/C:/Program%20Files/Ant/lib/ivy-2.5.0.jar!/org/apache/ivy/core/settings" />
    <property name="sun.boot.library.path.ivy.instance" value="C:\Program Files\Java\jdk1.8.0_251\jre\bin" />
    <property name="resources.path" value="src/main/resources" />
    <property name="ivy.report.output.pattern.ivy.instance" value="[organisation]-[module]-[conf].[ext]" />
    <property name="ivy.module" value="web3" />
    <property name="ivy.publish.src.artifacts.pattern.ivy.instance" value="C:\Users\Merlin\IdeaProjects\web3/distrib/[type]s/[artifact]-[revision](-[classifier]).[ext]" />
    <property name="java.vendor.url.bug" value="http://bugreport.sun.com/bugreport/" />
    <property name="sun.management.compiler.ivy.instance" value="HotSpot 64-Bit Tiered Compilers" />
    <property name="ant.project.invoked-targets" value="test" />
    <property name="ivy.local.default.artifact.pattern" value="[organisation]/[module]/[revision]/[type]s/[artifact].[ext]" />
    <property name="os.name.ivy.instance" value="Windows 10" />
    <property name="ivy.default.ivy.user.dir.ivy.instance" value="C:\Users\Merlin\.ivy2" />
    <property name="ivy.default.always.check.exact.revision" value="false" />
    <property name="ivy.default.settings.dir.ivy.instance" value="jar:file:/C:/Program%20Files/Ant/lib/ivy-2.5.0.jar!/org/apache/ivy/core/settings" />
    <property name="user.name" value="Merlin" />
    <property name="sun.io.unicode.encoding" value="UnicodeLittle" />
    <property name="ivy.shared.default.root.ivy.instance" value="C:\Users\Merlin\.ivy2/shared" />
    <property name="sun.jnu.encoding" value="Cp1251" />
    <property name="java.runtime.name" value="Java(TM) SE Runtime Environment" />
    <property name="localization.encoding" value="KOI8-R" />
    <property name="ant.home.ivy.instance" value="C:\Program Files\Ant" />
    <property name="file.encoding.ivy.instance" value="Cp1251" />
    <property name="ivy.cache.ttl.default.ivy.instance" value="10s" />
    <property name="java.specification.vendor.ivy.instance" value="Oracle Corporation" />
    <property name="java.vendor.ivy.instance" value="Oracle Corporation" />
    <property name="sun.cpu.isalist.ivy.instance" value="amd64" />
    <property name="java.specification.name" value="Java Platform API Specification" />
    <property name="user.timezone" value="" />
    <property name="java.endorsed.dirs.ivy.instance" value="C:\Program Files\Java\jdk1.8.0_251\jre\lib\endorsed" />
    <property name="user.script" value="" />
    <property name="path.separator" value=";" />
    <property name="java.class.version.ivy.instance" value="52.0" />
    <property name="ivy.default.conf.dir" value="jar:file:/C:/Program%20Files/Ant/lib/ivy-2.5.0.jar!/org/apache/ivy/core/settings" />
    <property name="file.encoding" value="Cp1251" />
    <property name="java.runtime.name.ivy.instance" value="Java(TM) SE Runtime Environment" />
    <property name="ivy.resolve.default.type.filter.ivy.instance" value="*" />
    <property name="ant.project.default-target" value="build" />
    <property name="ivy.targets.copied" value="true" />
    <property name="ivy.parents.count" value="0" />
    <property name="sun.java.command" value="org.apache.tools.ant.launch.Launcher test" />
    <property name="ivy.shared.default.artifact.pattern" value="[organisation]/[module]/[revision]/[type]s/[artifact].[ext]" />
    <property name="ant.file" value="C:\Users\Merlin\IdeaProjects\web3\build.xml" />
    <property name="ivy.distrib.dir.ivy.instance" value="C:\Users\Merlin\IdeaProjects\web3/distrib" />
    <property name="ivy.checksums.ivy.instance" value="sha1,md5" />
    <property name="sun.arch.data.model.ivy.instance" value="64" />
    <property name="ivy.build.artifacts.dir.ivy.instance" value="C:\Users\Merlin\IdeaProjects\web3/build/artifacts" />
    <property name="user.variant.ivy.instance" value="" />
    <property name="ivy.settings.file" value="ivysettings.xml" />
    <property name="java.io.tmpdir" value="C:\Users\Merlin\AppData\Local\Temp\" />
    <property name="ivy.buildlist.ivyfilepath.ivy.instance" value="ivy.xml" />
    <property name="ivy.cache.ttl.default" value="10s" />
    <property name="user.language" value="ru" />
    <property name="user.dir.ivy.instance" value="C:\Users\Merlin\IdeaProjects\web3" />
    <property name="ivy.home.ivy.instance" value="C:\Users\Merlin\.ivy2" />
    <property name="line.separator" value="&#xd;&#xa;" />
    <property name="java.specification.version.ivy.instance" value="1.8" />
    <property name="ant.file.type" value="file" />
    <property name="ivy.build.artifacts.dir" value="C:\Users\Merlin\IdeaProjects\web3/build/artifacts" />
    <property name="code.root" value="src" />
    <property name="war.name" value="web3.war" />
    <property name="ivy.settings.dir.url" value="jar:file:/C:/Program%20Files/Ant/lib/ivy-2.5.0.jar!/org/apache/ivy/core/settings" />
    <property name="sun.io.unicode.encoding.ivy.instance" value="UnicodeLittle" />
    <property name="ivy.status" value="integration" />
    <property name="java.vm.info" value="mixed mode" />
    <property name="ivy.lib.dir" value="C:\Users\Merlin\IdeaProjects\web3/lib" />
    <property name="sun.desktop" value="windows" />
    <property name="java.vm.specification.name" value="Java Virtual Machine Specification" />
    <property name="ivy.default.conf.dir.ivy.instance" value="jar:file:/C:/Program%20Files/Ant/lib/ivy-2.5.0.jar!/org/apache/ivy/core/settings" />
    <property name="java.vm.version.ivy.instance" value="25.251-b08" />
    <property name="user.name.ivy.instance" value="Merlin" />
    <property name="ivy.cache.dir" value="C:\Users\Merlin\.ivy2\cache" />
    <property name="ant.file.web3" value="C:\Users\Merlin\IdeaProjects\web3\build.xml" />
    <property name="java.awt.printerjob" value="sun.awt.windows.WPrinterJob" />
    <property name="java.io.tmpdir.ivy.instance" value="C:\Users\Merlin\AppData\Local\Temp\" />
    <property name="ant.version" value="Apache Ant(TM) version 1.10.10 compiled on April 12 2021" />
    <property name="java.home.ivy.instance" value="C:\Program Files\Java\jdk1.8.0_251\jre" />
    <property name="java.vm.vendor.ivy.instance" value="Oracle Corporation" />
    <property name="target.exist" value="true" />
    <property name="user.script.ivy.instance" value="" />
    <property name="ivy.default.settings.dir" value="jar:file:/C:/Program%20Files/Ant/lib/ivy-2.5.0.jar!/org/apache/ivy/core/settings" />
    <property name="ivy.configurations" value="*" />
    <property name="web.xml.path" value="src/main/webapp/WEB-INF" />
    <property name="ivy.settings.url" value="jar:file:/C:/Program%20Files/Ant/lib/ivy-2.5.0.jar!/org/apache/ivy/core/settings/ivysettings.xml" />
    <property name="os.name" value="Windows 10" />
    <property name="java.specification.vendor" value="Oracle Corporation" />
    <property name="sun.jnu.encoding.ivy.instance" value="Cp1251" />
    <property name="ivy.deliver.ivy.pattern.ivy.instance" value="C:\Users\Merlin\IdeaProjects\web3/distrib/[type]s/[artifact]-[revision](-[classifier]).[ext]" />
    <property name="ivy.checksums" value="sha1,md5" />
    <property name="java.vm.name" value="Java HotSpot(TM) 64-Bit Server VM" />
    <property name="ivy.log.modules.in.use" value="false" />
    <property name="java.runtime.version.ivy.instance" value="1.8.0_251-b08" />
    <property name="ivy.report.output.pattern" value="[organisation]-[module]-[conf].[ext]" />
    <property name="ivy.version" value="2.5.0" />
    <property name="java.library.path" value="C:\Program Files\Java\jdk1.8.0_251\bin;C:\WINDOWS\Sun\Java\bin;C:\WINDOWS\system32;C:\WINDOWS;C:\Python39\Scripts\;C:\Python39\;C:\Program Files (x86)\Common Files\Oracle\Java\javapath;C:\WINDOWS\system32;C:\WINDOWS;C:\WINDOWS\System32\Wbem;C:\WINDOWS\System32\WindowsPowerShell\v1.0\;C:\WINDOWS\System32\OpenSSH\;C:\Program Files\nodejs\;C:\ProgramData\chocolatey\bin;C:\Program Files\Git\cmd;C:\Program Files\PuTTY\;C:\Users\Merlin\AppData\Local\Programs\Python\Python38-32\Scripts\;C:\Users\Merlin\AppData\Local\Programs\Python\Python38-32\;C:\Users\Merlin\AppData\Local\Microsoft\WindowsApps;C:\Users\Merlin\AppData\Local\GitHubDesktop\bin;C:\Program Files\JetBrains\CLion 2020.2.4\bin;C:\Program Files\maven\bin;C:\Users\Merlin\AppData\Roaming\npm;C:\Program Files\Ant\bin;." />
    <property name="ivy.conf.url" value="jar:file:/C:/Program%20Files/Ant/lib/ivy-2.5.0.jar!/org/apache/ivy/core/settings/ivysettings.xml" />
    <property name="java.vm.name.ivy.instance" value="Java HotSpot(TM) 64-Bit Server VM" />
    <property name="os.version.ivy.instance" value="10.0" />
    <property name="line.separator.ivy.instance" value="&#xd;&#xa;" />
    <property name="ant.java.version" value="1.8" />
    <property name="sun.desktop.ivy.instance" value="windows" />
    <property name="sun.cpu.endian.ivy.instance" value="little" />
    <property name="java.vm.specification.name.ivy.instance" value="Java Virtual Machine Specification" />
    <property name="basedir" value="C:\Users\Merlin\IdeaProjects\web3" />
    <property name="java.class.version" value="52.0" />
    <property name="ivy.settings.url.ivy.instance" value="jar:file:/C:/Program%20Files/Ant/lib/ivy-2.5.0.jar!/org/apache/ivy/core/settings/ivysettings.xml" />
    <property name="path.separator.ivy.instance" value=";" />
    <property name="sun.boot.class.path.ivy.instance" value="C:\Program Files\Java\jdk1.8.0_251\jre\lib\resources.jar;C:\Program Files\Java\jdk1.8.0_251\jre\lib\rt.jar;C:\Program Files\Java\jdk1.8.0_251\jre\lib\sunrsasign.jar;C:\Program Files\Java\jdk1.8.0_251\jre\lib\jsse.jar;C:\Program Files\Java\jdk1.8.0_251\jre\lib\jce.jar;C:\Program Files\Java\jdk1.8.0_251\jre\lib\charsets.jar;C:\Program Files\Java\jdk1.8.0_251\jre\lib\jfr.jar;C:\Program Files\Java\jdk1.8.0_251\jre\classes" />
    <property name="ant.home" value="C:\Program Files\Ant" />
    <property name="ivy.resolved.configurations" value="test" />
    <property name="ivy.deliver.ivy.pattern" value="C:\Users\Merlin\IdeaProjects\web3/distrib/[type]s/[artifact]-[revision](-[classifier]).[ext]" />
    <property name="sun.boot.library.path" value="C:\Program Files\Java\jdk1.8.0_251\jre\bin" />
    <property name="build.dir" value="antTarget" />
    <property name="ivy.default.always.check.exact.revision.ivy.instance" value="false" />
    <property name="java.library.path.ivy.instance" value="C:\Program Files\Java\jdk1.8.0_251\bin;C:\WINDOWS\Sun\Java\bin;C:\WINDOWS\system32;C:\WINDOWS;C:\Python39\Scripts\;C:\Python39\;C:\Program Files (x86)\Common Files\Oracle\Java\javapath;C:\WINDOWS\system32;C:\WINDOWS;C:\WINDOWS\System32\Wbem;C:\WINDOWS\System32\WindowsPowerShell\v1.0\;C:\WINDOWS\System32\OpenSSH\;C:\Program Files\nodejs\;C:\ProgramData\chocolatey\bin;C:\Program Files\Git\cmd;C:\Program Files\PuTTY\;C:\Users\Merlin\AppData\Local\Programs\Python\Python38-32\Scripts\;C:\Users\Merlin\AppData\Local\Programs\Python\Python38-32\;C:\Users\Merlin\AppData\Local\Microsoft\WindowsApps;C:\Users\Merlin\AppData\Local\GitHubDesktop\bin;C:\Program Files\JetBrains\CLion 2020.2.4\bin;C:\Program Files\maven\bin;C:\Users\Merlin\AppData\Roaming\npm;C:\Program Files\Ant\bin;." />
    <property name="awt.toolkit.ivy.instance" value="sun.awt.windows.WToolkit" />
    <property name="ivy.basedir" value="C:\Users\Merlin\IdeaProjects\web3" />
    <property name="sun.management.compiler" value="HotSpot 64-Bit Tiered Compilers" />
    <property name="java.ext.dirs.ivy.instance" value="C:\Program Files\Java\jdk1.8.0_251\jre\lib\ext;C:\WINDOWS\Sun\Java\lib\ext" />
    <property name="java.awt.graphicsenv" value="sun.awt.Win32GraphicsEnvironment" />
    <property name="user.variant" value="" />
    <property name="ivy.log.modules.in.use.ivy.instance" value="false" />
    <property name="ivy.settings.dir.url.ivy.instance" value="jar:file:/C:/Program%20Files/Ant/lib/ivy-2.5.0.jar!/org/apache/ivy/core/settings" />
    <property name="sun.os.patch.level.ivy.instance" value="" />
    <property name="file.encoding.pkg.ivy.instance" value="sun.io" />
    <property name="web.content.path" value="src/main/webapp" />
    <property name="ivy.shared.default.ivy.pattern" value="[organisation]/[module]/[revision]/[type]s/[artifact].[ext]" />
    <property name="ivy.resolver.default.check.modified" value="false" />
    <property name="ivy.settings.file.ivy.instance" value="ivysettings.xml" />
    <property name="localization.files.path" value="src/main/resources" />
    <property name="ivy.nb.targets.copied" value="5" />
    <property name="ant.project.name" value="web3" />
    <property name="ant.file.type.web3" value="file" />
    <property name="ivy.cache.dir.ivy.instance" value="C:\Users\Merlin\.ivy2\cache" />
    <property name="java.vm.specification.version" value="1.8" />
    <property name="resources.dir" value="META-INF" />
    <property name="ivy.status.ivy.instance" value="integration" />
    <property name="test.path" value="src/test/java" />
    <property name="awt.toolkit" value="sun.awt.windows.WToolkit" />
    <property name="sun.cpu.isalist" value="amd64" />
    <property name="sun.stderr.encoding" value="cp866" />
    <property name="file.separator.ivy.instance" value="\" />
    <property name="ivy.deps.changed" value="false" />
    <property name="java.ext.dirs" value="C:\Program Files\Java\jdk1.8.0_251\jre\lib\ext;C:\WINDOWS\Sun\Java\lib\ext" />
    <property name="ivy.local.default.root.ivy.instance" value="C:\Users\Merlin\.ivy2/local" />
    <property name="os.version" value="10.0" />
    <property name="user.home" value="C:\Users\Merlin" />
    <property name="sun.java.launcher.ivy.instance" value="SUN_STANDARD" />
    <property name="java.vm.vendor" value="Oracle Corporation" />
    <property name="ivy.local.default.root" value="C:\Users\Merlin\.ivy2/local" />
    <property name="ivy.organisation" value="com.bombanya" />
    <property name="user.dir" value="C:\Users\Merlin\IdeaProjects\web3" />
    <property name="ant.library.dir.ivy.instance" value="C:\Program Files\Ant\lib" />
    <property name="ivy.local.default.ivy.pattern" value="[organisation]/[module]/[revision]/[type]s/[artifact].[ext]" />
    <property name="ivy.shared.default.ivy.pattern.ivy.instance" value="[organisation]/[module]/[revision]/[type]s/[artifact].[ext]" />
    <property name="java.vm.info.ivy.instance" value="mixed mode" />
    <property name="ivy.publish.src.artifacts.pattern" value="C:\Users\Merlin\IdeaProjects\web3/distrib/[type]s/[artifact]-[revision](-[classifier]).[ext]" />
    <property name="sun.java.command.ivy.instance" value="org.apache.tools.ant.launch.Launcher test" />
    <property name="localizationBean.alt" value="localizationSuperBean" />
    <property name="ivy.distrib.dir" value="C:\Users\Merlin\IdeaProjects\web3/distrib" />
    <property name="sun.cpu.endian" value="little" />
    <property name="ivy.revision" value="working@compucter" />
    <property name="user.timezone.ivy.instance" value="Europe/Moscow" />
    <property name="java.vm.version" value="25.251-b08" />
    <property name="ivy.default.ivy.user.dir" value="C:\Users\Merlin\.ivy2" />
    <property name="java.class.path" value="C:\Program Files\Ant\lib\ant-launcher.jar;C:\Program Files\Ant\lib\ant-antlr.jar;C:\Program Files\Ant\lib\ant-apache-bcel.jar;C:\Program Files\Ant\lib\ant-apache-bsf.jar;C:\Program Files\Ant\lib\ant-apache-log4j.jar;C:\Program Files\Ant\lib\ant-apache-oro.jar;C:\Program Files\Ant\lib\ant-apache-regexp.jar;C:\Program Files\Ant\lib\ant-apache-resolver.jar;C:\Program Files\Ant\lib\ant-apache-xalan2.jar;C:\Program Files\Ant\lib\ant-commons-logging.jar;C:\Program Files\Ant\lib\ant-commons-net.jar;C:\Program Files\Ant\lib\ant-imageio.jar;C:\Program Files\Ant\lib\ant-jai.jar;C:\Program Files\Ant\lib\ant-javamail.jar;C:\Program Files\Ant\lib\ant-jdepend.jar;C:\Program Files\Ant\lib\ant-jmf.jar;C:\Program Files\Ant\lib\ant-jsch.jar;C:\Program Files\Ant\lib\ant-junit-1.10.10.jar;C:\Program Files\Ant\lib\ant-junit.jar;C:\Program Files\Ant\lib\ant-junit4.jar;C:\Program Files\Ant\lib\ant-junitlauncher.jar;C:\Program Files\Ant\lib\ant-launcher.jar;C:\Program Files\Ant\lib\ant-netrexx.jar;C:\Program Files\Ant\lib\ant-swing.jar;C:\Program Files\Ant\lib\ant-testutil.jar;C:\Program Files\Ant\lib\ant-xz.jar;C:\Program Files\Ant\lib\ant.jar;C:\Program Files\Ant\lib\hamcrest-all-1.3.jar;C:\Program Files\Ant\lib\ivy-2.5.0.jar;C:\Program Files\Ant\lib\junit-4.13.2.jar;C:\Program Files\Java\jdk1.8.0_251\lib\tools.jar" />
    <property name="sun.stderr.encoding.ivy.instance" value="cp866" />
    <property name="user.home.ivy.instance" value="C:\Users\Merlin" />
    <property name="basedir.ivy.instance" value="C:\Users\Merlin\IdeaProjects\web3" />
    <property name="ant.library.dir" value="C:\Program Files\Ant\lib" />
    <property name="os.arch" value="amd64" />
    <property name="java.awt.graphicsenv.ivy.instance" value="sun.awt.Win32GraphicsEnvironment" />
    <property name="java.vendor.url.bug.ivy.instance" value="http://bugreport.sun.com/bugreport/" />
    <property name="test.name" value="HitCheckerTest" />
    <property name="java.vm.specification.version.ivy.instance" value="1.8" />
    <property name="sun.java.launcher" value="SUN_STANDARD" />
    <property name="java.awt.printerjob.ivy.instance" value="sun.awt.windows.WPrinterJob" />
    <property name="ivy.settings.dir.ivy.instance" value="jar:file:/C:/Program%20Files/Ant/lib/ivy-2.5.0.jar!/org/apache/ivy/core/settings" />
    <property name="ivy.resolver.default.check.modified.ivy.instance" value="false" />
    <property name="ant.core.lib" value="C:\Program Files\Ant\lib\ant.jar" />
    <property name="java.vm.specification.vendor" value="Oracle Corporation" />
    <property name="ivy.settings.dir" value="jar:file:/C:/Program%20Files/Ant/lib/ivy-2.5.0.jar!/org/apache/ivy/core/settings" />
    <property name="file.separator" value="\" />
    <property name="user.language.ivy.instance" value="ru" />
    <property name="ivy.shared.default.artifact.pattern.ivy.instance" value="[organisation]/[module]/[revision]/[type]s/[artifact].[ext]" />
    <property name="user.country.ivy.instance" value="RU" />
    <property name="ivy.conf.url.ivy.instance" value="jar:file:/C:/Program%20Files/Ant/lib/ivy-2.5.0.jar!/org/apache/ivy/core/settings/ivysettings.xml" />
    <property name="java.specification.name.ivy.instance" value="Java Platform API Specification" />
    <property name="java.runtime.version" value="1.8.0_251-b08" />
    <property name="sun.boot.class.path" value="C:\Program Files\Java\jdk1.8.0_251\jre\lib\resources.jar;C:\Program Files\Java\jdk1.8.0_251\jre\lib\rt.jar;C:\Program Files\Java\jdk1.8.0_251\jre\lib\sunrsasign.jar;C:\Program Files\Java\jdk1.8.0_251\jre\lib\jsse.jar;C:\Program Files\Java\jdk1.8.0_251\jre\lib\jce.jar;C:\Program Files\Java\jdk1.8.0_251\jre\lib\charsets.jar;C:\Program Files\Java\jdk1.8.0_251\jre\lib\jfr.jar;C:\Program Files\Java\jdk1.8.0_251\jre\classes" />
    <property name="ivy.conf.dir" value="jar:file:/C:/Program%20Files/Ant/lib/ivy-2.5.0.jar!/org/apache/ivy/core/settings" />
    <property name="ivy.retrieve.pattern" value="C:\Users\Merlin\IdeaProjects\web3/lib/[artifact]-[revision](-[classifier]).[ext]" />
    <property name="user.country" value="RU" />
    <property name="ivy.shared.default.root" value="C:\Users\Merlin\.ivy2/shared" />
    <property name="java.version.ivy.instance" value="1.8.0_251" />
    <property name="ivy.resolved.file" value="C:\Users\Merlin\IdeaProjects\web3\ivy.xml" />
    <property name="sun.stdout.encoding.ivy.instance" value="cp866" />
    <property name="os.arch.ivy.instance" value="amd64" />
    <property name="java.vendor" value="Oracle Corporation" />
    <property name="ivy.project.dir" value="C:\Users\Merlin\IdeaProjects\web3" />
    <property name="java.specification.version" value="1.8" />
    <property name="ivy.buildlist.ivyfilepath" value="ivy.xml" />
    <property name="sun.arch.data.model" value="64" />
  </properties>
  <testcase classname="HitCheckerTest" name="insideCircle" time="0.022" />
  <testcase classname="HitCheckerTest" name="triangleOYPointOne" time="0.001" />
  <testcase classname="HitCheckerTest" name="triangleOYPointTwo" time="0.0" />
  <testcase classname="HitCheckerTest" name="squareRRPoint" time="0.0" />
  <testcase classname="HitCheckerTest" name="squareRYPointOne" time="0.0" />
  <testcase classname="HitCheckerTest" name="insideSquare" time="0.001" />
  <testcase classname="HitCheckerTest" name="triangleEdgePoint" time="0.0" />
  <testcase classname="HitCheckerTest" name="squareOYPointOne" time="0.0" />
  <testcase classname="HitCheckerTest" name="squareOYPointTwo" time="0.0" />
  <testcase classname="HitCheckerTest" name="outsideCircle" time="0.0" />
  <testcase classname="HitCheckerTest" name="insideTriangle" time="0.0" />
  <testcase classname="HitCheckerTest" name="outsideSquare" time="0.001" />
  <testcase classname="HitCheckerTest" name="triangleOXPointOne" time="0.0" />
  <testcase classname="HitCheckerTest" name="outsideTriangle" time="0.0" />
  <testcase classname="HitCheckerTest" name="pointOne" time="0.0" />
  <testcase classname="HitCheckerTest" name="pointTwo" time="0.001" />
  <testcase classname="HitCheckerTest" name="squareOXPointOne" time="0.0" />
  <testcase classname="HitCheckerTest" name="squareOXPointTwo" time="0.0" />
  <testcase classname="HitCheckerTest" name="circleEdgePoint" time="0.0" />
  <testcase classname="HitCheckerTest" name="squareXRPointOne" time="0.0" />
  <testcase classname="HitCheckerTest" name="originCheck" time="0.001" />
  <system-out><![CDATA[ru RU
]]></system-out>
  <system-err><![CDATA[]]></system-err>
</testsuite>
